1.2745 	WARNING 	We strongly recommend you activate the PTB sound engine in PsychoPy prefs as the preferred audio engine. Its timing is vastly superior. Your prefs are currently set to use ['sounddevice', 'PTB', 'pyo', 'pygame'] (in that order).
11.8561 	WARNING 	User requested fullscreen with size [1024  768], but screen is actually [1440, 900]. Using actual size
12.6186 	EXP 	Created window1 = Window(allowGUI=False, allowStencil=False, autoLog=True, backendConf=UNKNOWN, bitsMode=UNKNOWN, blendMode='avg', bpc=(8, 8, 8), color=array([0, 0, 0]), colorSpace='rgb', depthBits=8, fullscr=<method-wrapper '__getattribute__' of attributeSetter object at 0x7f8bb8c11be0>, gamma=None, gammaErrorPolicy='raise', lms=UNKNOWN, monitor=<psychopy.monitors.calibTools.Monitor object at 0x7f8bb94d4278>, multiSample=False, name='window1', numSamples=2, pos=[360.0, 225.0], screen=0, size=array([2880, 1800]), stencilBits=0, stereo=False, units='height', useFBO=True, useRetina=True, viewOri=0.0, viewPos=None, viewScale=None, waitBlanking=True, winType='pyglet')
12.6190 	EXP 	window1: mouseVisible = True
12.6191 	EXP 	window1: recordFrameIntervals = False
12.7848 	EXP 	window1: recordFrameIntervals = True
12.9838 	EXP 	window1: recordFrameIntervals = False
14.6440 	EXP 	Created square1 = ShapeStim(__class__=<class 'psychopy.visual.shape.ShapeStim'>, autoDraw=False, autoLog=True, closeShape=True, color=method-wrapper(...), colorSpace='rgb', contrast=None, depth=0.0, fillColor=array([ 1, -1, -1]), fillColorSpace='rgb', fillRGB=array([ 1, -1, -1]), interpolate=True, lineColor=array([1., 1., 1.]), lineColorSpace='rgb', lineRGB=array([1, 1, 1]), lineWidth=1.0, name='square1', opacity=1, ori=0.0, pos=array([0., 0.]), size=array([0.5, 0.5]), units='height', vertices=ndarray(...), win=Window(...), windingRule=None)
14.6526 	DATA 	Mouse: wheel shift=(0,0), pos=(441,572)
14.6528 	DATA 	Mouse: wheel shift=(0,0), pos=(441,572)
14.6533 	DATA 	Mouse: wheel shift=(0,0), pos=(440,574)
14.6538 	DATA 	Mouse: wheel shift=(0,0), pos=(440,574)
14.6542 	DATA 	Mouse: wheel shift=(0,0), pos=(440,574)
14.6545 	DATA 	Mouse: wheel shift=(0,0), pos=(440,574)
14.6548 	DATA 	Mouse: wheel shift=(0,1), pos=(440,574)
14.6553 	DATA 	Mouse: wheel shift=(0,0), pos=(440,584)
14.6559 	DATA 	Mouse: wheel shift=(0,0), pos=(438,603)
14.6563 	DATA 	Mouse: wheel shift=(0,0), pos=(438,603)
14.6670 	EXP 	square1: autoDraw = True
15.6671 	EXP 	square1: autoDraw = False
16.2160 	EXP 	window1: mouseVisible = True
0.9177 	WARNING 	We strongly recommend you activate the PTB sound engine in PsychoPy prefs as the preferred audio engine. Its timing is vastly superior. Your prefs are currently set to use ['sounddevice', 'PTB', 'pyo', 'pygame'] (in that order).
6.0630 	WARNING 	User requested fullscreen with size [1024  768], but screen is actually [1440, 900]. Using actual size
6.8140 	EXP 	Created window1 = Window(allowGUI=False, allowStencil=False, autoLog=True, backendConf=UNKNOWN, bitsMode=UNKNOWN, blendMode='avg', bpc=(8, 8, 8), color=array([0, 0, 0]), colorSpace='rgb', depthBits=8, fullscr=<method-wrapper '__getattribute__' of attributeSetter object at 0x7fb001506b00>, gamma=None, gammaErrorPolicy='raise', lms=UNKNOWN, monitor=<psychopy.monitors.calibTools.Monitor object at 0x7fb002876320>, multiSample=False, name='window1', numSamples=2, pos=[360.0, 225.0], screen=0, size=array([2880, 1800]), stencilBits=0, stereo=False, units='height', useFBO=True, useRetina=True, viewOri=0.0, viewPos=None, viewScale=None, waitBlanking=True, winType='pyglet')
6.8142 	EXP 	window1: mouseVisible = True
6.8142 	EXP 	window1: recordFrameIntervals = False
6.9803 	EXP 	window1: recordFrameIntervals = True
7.1637 	EXP 	window1: recordFrameIntervals = False
8.8261 	EXP 	Created square1 = Rect(__class__=<class 'psychopy.visual.rect.Rect'>, autoDraw=False, autoLog=True, closeShape=True, color=method-wrapper(...), colorSpace='rgb', contrast=None, depth=0.0, fillColor=array([ 1, -1, -1]), fillColorSpace='rgb', fillRGB=array([ 1, -1, -1]), interpolate=True, lineColor=array([1., 1., 1.]), lineColorSpace='rgb', lineRGB=array([1, 1, 1]), lineWidth=1.0, name='square1', opacity=1, ori=0.0, pos=array([0., 0.]), size=array([0.25, 0.25]), units='height', vertices=ndarray(...), win=Window(...))
8.8452 	EXP 	square1: autoDraw = True
9.8471 	EXP 	square1: autoDraw = False
10.3900 	EXP 	window1: mouseVisible = True
